<?xml version="1.0" encoding="UTF-8"?>
<testsuite name="com.utcv.tesina.TesinaApplicationTests" tests="1" skipped="0" failures="0" errors="0" timestamp="2024-08-09T21:53:39" hostname="MARTINLAP" time="0.428">
  <properties/>
  <testcase name="contextLoads()" classname="com.utcv.tesina.TesinaApplicationTests" time="0.428"/>
  <system-out><![CDATA[15:53:31.923 [Test worker] INFO org.springframework.test.context.support.AnnotationConfigContextLoaderUtils -- Could not detect default configuration classes for test class [com.utcv.tesina.TesinaApplicationTests]: TesinaApplicationTests does not declare any static, non-private, non-final, nested classes annotated with @Configuration.
15:53:32.022 [Test worker] INFO org.springframework.boot.test.context.SpringBootTestContextBootstrapper -- Found @SpringBootConfiguration com.utcv.tesina.TesinaApplication for test class com.utcv.tesina.TesinaApplicationTests

  .   ____          _            __ _ _
 /\\ / ___'_ __ _ _(_)_ __  __ _ \ \ \ \
( ( )\___ | '_ | '_| | '_ \/ _` | \ \ \ \
 \\/  ___)| |_)| | | | | || (_| |  ) ) ) )
  '  |____| .__|_| |_|_| |_\__, | / / / /
 =========|_|==============|___/=/_/_/_/

 :: Spring Boot ::                (v3.3.1)

2024-08-09T15:53:32.445-06:00  INFO 26488 --- [tesina] [    Test worker] com.utcv.tesina.TesinaApplicationTests   : Starting TesinaApplicationTests using Java 17.0.11 with PID 26488 (started by martinelwiri in C:\Users\misju\Documents\1asamuel\apispring\api\tesina)
2024-08-09T15:53:32.446-06:00  INFO 26488 --- [tesina] [    Test worker] com.utcv.tesina.TesinaApplicationTests   : No active profile set, falling back to 1 default profile: "default"
2024-08-09T15:53:33.194-06:00  INFO 26488 --- [tesina] [    Test worker] .s.d.r.c.RepositoryConfigurationDelegate : Bootstrapping Spring Data JPA repositories in DEFAULT mode.
2024-08-09T15:53:33.284-06:00  INFO 26488 --- [tesina] [    Test worker] .s.d.r.c.RepositoryConfigurationDelegate : Finished Spring Data repository scanning in 78 ms. Found 1 JPA repository interface.
2024-08-09T15:53:34.043-06:00  INFO 26488 --- [tesina] [    Test worker] o.hibernate.jpa.internal.util.LogHelper  : HHH000204: Processing PersistenceUnitInfo [name: default]
2024-08-09T15:53:34.188-06:00  INFO 26488 --- [tesina] [    Test worker] org.hibernate.Version                    : HHH000412: Hibernate ORM core version 6.5.2.Final
2024-08-09T15:53:34.261-06:00  INFO 26488 --- [tesina] [    Test worker] o.h.c.internal.RegionFactoryInitiator    : HHH000026: Second-level cache disabled
2024-08-09T15:53:34.833-06:00  INFO 26488 --- [tesina] [    Test worker] o.s.o.j.p.SpringPersistenceUnitInfo      : No LoadTimeWeaver setup: ignoring JPA class transformer
2024-08-09T15:53:34.864-06:00  INFO 26488 --- [tesina] [    Test worker] com.zaxxer.hikari.HikariDataSource       : HikariPool-1 - Starting...
2024-08-09T15:53:36.181-06:00  INFO 26488 --- [tesina] [    Test worker] com.zaxxer.hikari.pool.HikariPool        : HikariPool-1 - Added connection org.postgresql.jdbc.PgConnection@714c74eb
2024-08-09T15:53:36.183-06:00  INFO 26488 --- [tesina] [    Test worker] com.zaxxer.hikari.HikariDataSource       : HikariPool-1 - Start completed.
2024-08-09T15:53:36.318-06:00  WARN 26488 --- [tesina] [    Test worker] org.hibernate.orm.deprecation            : HHH90000025: PostgreSQLDialect does not need to be specified explicitly using 'hibernate.dialect' (remove the property setting and it will be selected by default)
2024-08-09T15:53:37.288-06:00  INFO 26488 --- [tesina] [    Test worker] o.h.e.t.j.p.i.JtaPlatformInitiator       : HHH000489: No JTA platform available (set 'hibernate.transaction.jta.platform' to enable JTA platform integration)
2024-08-09T15:53:37.763-06:00  INFO 26488 --- [tesina] [    Test worker] j.LocalContainerEntityManagerFactoryBean : Initialized JPA EntityManagerFactory for persistence unit 'default'
2024-08-09T15:53:38.147-06:00  INFO 26488 --- [tesina] [    Test worker] o.s.d.j.r.query.QueryEnhancerFactory     : Hibernate is in classpath; If applicable, HQL parser will be used.
2024-08-09T15:53:38.219-06:00  WARN 26488 --- [tesina] [    Test worker] JpaBaseConfiguration$JpaWebConfiguration : spring.jpa.open-in-view is enabled by default. Therefore, database queries may be performed during view rendering. Explicitly configure spring.jpa.open-in-view to disable this warning
2024-08-09T15:53:38.913-06:00  WARN 26488 --- [tesina] [    Test worker] .s.s.UserDetailsServiceAutoConfiguration : 

Using generated security password: c3957fb8-c448-43ab-b882-8b7b5324c8d3

This generated password is for development use only. Your security configuration must be updated before running your application in production.

2024-08-09T15:53:38.928-06:00  INFO 26488 --- [tesina] [    Test worker] r$InitializeUserDetailsManagerConfigurer : Global AuthenticationManager configured with UserDetailsService bean with name inMemoryUserDetailsManager
2024-08-09T15:53:39.746-06:00  INFO 26488 --- [tesina] [    Test worker] com.utcv.tesina.TesinaApplicationTests   : Started TesinaApplicationTests in 7.552 seconds (process running for 8.861)
]]></system-out>
  <system-err><![CDATA[]]></system-err>
</testsuite>
